Change Component Footprint: Designator=C2 Old Footprint=RAD-0.2 New Footprint=RAD-0.1
Change Component Footprint: Designator=C4 Old Footprint=RAD-0.2 New Footprint=RAD-0.1
Change Component Footprint: Designator=C6 Old Footprint=RAD-0.2 New Footprint=RAD-0.1
Change Component Footprint: Designator=C8 Old Footprint=RAD-0.2 New Footprint=RAD-0.1
Change Component Footprint: Designator=C10 Old Footprint=RAD-0.2 New Footprint=RAD-0.1
Change Component Footprint: Designator=C11 Old Footprint=RAD-0.2 New Footprint=RAD-0.1
Add component (AddParameter): Name = "Code_JEDEC"; Value = "MS-026-BED"; VariantName = "[No Variations]"
Add component (AddParameter): Name = "ComponentLink1Description"; Value = "Manufacturer URL"; VariantName = "[No Variations]"
Add component (AddParameter): Name = "ComponentLink1URL"; Value = "http://www.atmel.com/"; VariantName = "[No Variations]"
Add component (AddParameter): Name = "ComponentLink2Description"; Value = "SAM4S Series Datasheet"; VariantName = "[No Variations]"
Add component (AddParameter): Name = "ComponentLink2URL"; Value = "http://www.atmel.com/dyn/resources/prod_documents/11100.pdf"; VariantName = "[No Variations]"
Add component (AddParameter): Name = "ComponentLink3Description"; Value = "SAM4S Series Summary"; VariantName = "[No Variations]"
Add component (AddParameter): Name = "ComponentLink3URL"; Value = "http://www.atmel.com/dyn/resources/prod_documents/11100S.pdf"; VariantName = "[No Variations]"
Add component (AddParameter): Name = "DatasheetVersion"; Value = "revA, Oct-2011"; VariantName = "[No Variations]"
Add component (AddParameter): Name = "PackageDescription"; Value = "100-Pin Thin Quad Flat Pack 0.5 mm Pitch"; VariantName = "[No Variations]"
Add component (AddParameter): Name = "PackageReference"; Value = "LQFP100"; VariantName = "[No Variations]"
Add component (AddParameter): Name = "PackageVersion"; Value = "Apr-2006"; VariantName = "[No Variations]"
Added Component: Designator=U1(LQFP100_N)
Add component. Clean all parameters for all variants
Add component (AddParameter): Name = "Code_JEDEC"; Value = "MS-026-BED"; VariantName = "[No Variations]"
Add component (AddParameter): Name = "ComponentLink1Description"; Value = "Manufacturer URL"; VariantName = "[No Variations]"
Add component (AddParameter): Name = "ComponentLink1URL"; Value = "http://www.atmel.com/"; VariantName = "[No Variations]"
Add component (AddParameter): Name = "ComponentLink2Description"; Value = "SAM4S Series Datasheet"; VariantName = "[No Variations]"
Add component (AddParameter): Name = "ComponentLink2URL"; Value = "http://www.atmel.com/dyn/resources/prod_documents/11100.pdf"; VariantName = "[No Variations]"
Add component (AddParameter): Name = "ComponentLink3Description"; Value = "SAM4S Series Summary"; VariantName = "[No Variations]"
Add component (AddParameter): Name = "ComponentLink3URL"; Value = "http://www.atmel.com/dyn/resources/prod_documents/11100S.pdf"; VariantName = "[No Variations]"
Add component (AddParameter): Name = "DatasheetVersion"; Value = "revA, Oct-2011"; VariantName = "[No Variations]"
Add component (AddParameter): Name = "PackageDescription"; Value = "100-Pin Thin Quad Flat Pack 0.5 mm Pitch"; VariantName = "[No Variations]"
Add component (AddParameter): Name = "PackageReference"; Value = "LQFP100"; VariantName = "[No Variations]"
Add component (AddParameter): Name = "PackageVersion"; Value = "Apr-2006"; VariantName = "[No Variations]"
Added Pin To Net: NetName=3.3V Pin=U1-1
Added Pin To Net: NetName=GND Pin=U1-2
Added Pin To Net: NetName=3.3V Pin=U1-10
Added Pin To Net: NetName=1.27V Pin=U1-11
Added Pin To Net: NetName=1.27V Pin=U1-16
Added Pin To Net: NetName=GND Pin=U1-26
Added Pin To Net: NetName=3.3V Pin=U1-27
Added Pin To Net: NetName=NetDRV1_10 Pin=U1-31
Added Pin To Net: NetName=NetDRV1_9 Pin=U1-33
Added Pin To Net: NetName=1.27V Pin=U1-36
Added Pin To Net: NetName=NetU1_42 Pin=U1-42
Added Pin To Net: NetName=GND Pin=U1-45
Added Pin To Net: NetName=3.3V Pin=U1-50
Added Pin To Net: NetName=1.27V Pin=U1-56
Added Pin To Net: NetName=3.3V Pin=U1-69
Added Pin To Net: NetName=GND Pin=U1-70
Added Pin To Net: NetName=1.27V Pin=U1-85
Added Pin To Net: NetName=3.3V Pin=U1-91
Added Pin To Net: NetName=GND Pin=U1-95
Added Pin To Net: NetName=3.3V Pin=U1-98
Added Pin To Net: NetName=1.27V Pin=U1-100
Added Member To Class: ClassName=Processor Member=Component U1 ATSAM4N16CA-AU
