Removed Member From Class: ClassName=Processor Member=R4
Change Component Comment : Designator=Cbst Old Comment=Comment New Comment=08053C104KAT2A
Change Component Comment : Designator=Cout Old Comment=Comment New Comment=C3216X5R1E476M16
Change Component Comment : Designator=Rfbb Old Comment=Comment New Comment=CRCW040210K2FKED
Change Component Comment : Designator=Rfbt Old Comment=Comment New Comment=CRCW040233K2FKED
Change Component Comment : Designator=Cin Old Comment=Comment New Comment=GRM32ER61E226KE1
Change Component Comment : Designator=L1 Old Comment=Comment New Comment=SRN8040-2R2Y
Change Component Comment : Designator=U7 Old Comment=Comment New Comment=TPS563200DDCR
Change Component Designator: OldDesignator=Cbst NewDesignator=C27
Change Component Designator: OldDesignator=Cin NewDesignator=C29
Change Component Designator: OldDesignator=Cout NewDesignator=C28
Change Component Designator: OldDesignator=Rfbb NewDesignator=R32
Change Component Designator: OldDesignator=Rfbt NewDesignator=R33
Added Component: Designator=P9_U_Ribbon_Connectors1(HDR2X8)
Added Component: Designator=P9_U_Ribbon_Connectors2(HDR2X8)
Added Component: Designator=P9_U_Ribbon_Connectors3(HDR2X8)
Added Component: Designator=P9_U_Ribbon_Connectors4(HDR2X8)
Added Pin To Net: NetName=NetC27_1 Pin=C27-1
Added Pin To Net: NetName=NetC27_2 Pin=C27-2
Added Pin To Net: NetName=3.3V Pin=C28-1
Added Pin To Net: NetName=GND Pin=C28-2
Added Pin To Net: NetName=12V Pin=C29-1
Added Pin To Net: NetName=GND Pin=C29-2
Added Pin To Net: NetName=NetC27_1 Pin=L1-1
Added Pin To Net: NetName=3.3V Pin=L1-2
Added Pin To Net: NetName=ENC_INT Pin=P9_U_Ribbon_Connectors1-1
Added Pin To Net: NetName=BTN_INT Pin=P9_U_Ribbon_Connectors1-2
Added Pin To Net: NetName=SDA Pin=P9_U_Ribbon_Connectors1-3
Added Pin To Net: NetName=SCL Pin=P9_U_Ribbon_Connectors1-4
Added Pin To Net: NetName=MOSI Pin=P9_U_Ribbon_Connectors1-5
Added Pin To Net: NetName=SPCK Pin=P9_U_Ribbon_Connectors1-6
Added Pin To Net: NetName=DISP_SEL0 Pin=P9_U_Ribbon_Connectors1-8
Added Pin To Net: NetName=DISP_SEL1 Pin=P9_U_Ribbon_Connectors1-9
Added Pin To Net: NetName=DISP_SEL2 Pin=P9_U_Ribbon_Connectors1-10
Added Pin To Net: NetName=DISP_RESET Pin=P9_U_Ribbon_Connectors1-11
Added Pin To Net: NetName=3.3V Pin=P9_U_Ribbon_Connectors1-14
Added Pin To Net: NetName=12V Pin=P9_U_Ribbon_Connectors1-15
Added Pin To Net: NetName=GND Pin=P9_U_Ribbon_Connectors1-16
Added Pin To Net: NetName=AE_L0 Pin=P9_U_Ribbon_Connectors2-1
Added Pin To Net: NetName=AE_R0 Pin=P9_U_Ribbon_Connectors2-2
Added Pin To Net: NetName=AE_L1 Pin=P9_U_Ribbon_Connectors2-3
Added Pin To Net: NetName=AE_R1 Pin=P9_U_Ribbon_Connectors2-4
Added Pin To Net: NetName=AE_L2 Pin=P9_U_Ribbon_Connectors2-5
Added Pin To Net: NetName=AE_R2 Pin=P9_U_Ribbon_Connectors2-6
Added Pin To Net: NetName=AE_L3 Pin=P9_U_Ribbon_Connectors2-7
Added Pin To Net: NetName=AE_R3 Pin=P9_U_Ribbon_Connectors2-8
Added Pin To Net: NetName=AE_L4 Pin=P9_U_Ribbon_Connectors2-9
Added Pin To Net: NetName=AE_R4 Pin=P9_U_Ribbon_Connectors2-10
Added Pin To Net: NetName=AE_L5 Pin=P9_U_Ribbon_Connectors2-11
Added Pin To Net: NetName=AE_R5 Pin=P9_U_Ribbon_Connectors2-12
Added Pin To Net: NetName=AE_L6 Pin=P9_U_Ribbon_Connectors2-13
Added Pin To Net: NetName=AE_R6 Pin=P9_U_Ribbon_Connectors2-14
Added Pin To Net: NetName=AE_L7 Pin=P9_U_Ribbon_Connectors2-15
Added Pin To Net: NetName=AE_R7 Pin=P9_U_Ribbon_Connectors2-16
Added Pin To Net: NetName=NE_L8 Pin=P9_U_Ribbon_Connectors3-1
Added Pin To Net: NetName=NE_R8 Pin=P9_U_Ribbon_Connectors3-2
Added Pin To Net: NetName=NE_L9 Pin=P9_U_Ribbon_Connectors3-3
Added Pin To Net: NetName=NE_R9 Pin=P9_U_Ribbon_Connectors3-4
Added Pin To Net: NetName=NE_L10 Pin=P9_U_Ribbon_Connectors3-5
Added Pin To Net: NetName=NE_R10 Pin=P9_U_Ribbon_Connectors3-6
Added Pin To Net: NetName=NE_L11 Pin=P9_U_Ribbon_Connectors3-7
Added Pin To Net: NetName=NE_R11 Pin=P9_U_Ribbon_Connectors3-8
Added Pin To Net: NetName=NE_L12 Pin=P9_U_Ribbon_Connectors3-9
Added Pin To Net: NetName=NE_R12 Pin=P9_U_Ribbon_Connectors3-10
Added Pin To Net: NetName=NE_L13 Pin=P9_U_Ribbon_Connectors3-11
Added Pin To Net: NetName=NE_R13 Pin=P9_U_Ribbon_Connectors3-12
Added Pin To Net: NetName=NE_L14 Pin=P9_U_Ribbon_Connectors3-13
Added Pin To Net: NetName=NE_R14 Pin=P9_U_Ribbon_Connectors3-14
Added Pin To Net: NetName=NE_L15 Pin=P9_U_Ribbon_Connectors3-15
Added Pin To Net: NetName=NE_R15 Pin=P9_U_Ribbon_Connectors3-16
Added Pin To Net: NetName=NE_L0 Pin=P9_U_Ribbon_Connectors4-1
Added Pin To Net: NetName=NE_R0 Pin=P9_U_Ribbon_Connectors4-2
Added Pin To Net: NetName=NE_L1 Pin=P9_U_Ribbon_Connectors4-3
Added Pin To Net: NetName=NE_R1 Pin=P9_U_Ribbon_Connectors4-4
Added Pin To Net: NetName=NE_L2 Pin=P9_U_Ribbon_Connectors4-5
Added Pin To Net: NetName=NE_R2 Pin=P9_U_Ribbon_Connectors4-6
Added Pin To Net: NetName=NE_L3 Pin=P9_U_Ribbon_Connectors4-7
Added Pin To Net: NetName=NE_R3 Pin=P9_U_Ribbon_Connectors4-8
Added Pin To Net: NetName=NE_L4 Pin=P9_U_Ribbon_Connectors4-9
Added Pin To Net: NetName=NE_R4 Pin=P9_U_Ribbon_Connectors4-10
Added Pin To Net: NetName=NE_L5 Pin=P9_U_Ribbon_Connectors4-11
Added Pin To Net: NetName=NE_R5 Pin=P9_U_Ribbon_Connectors4-12
Added Pin To Net: NetName=NE_L6 Pin=P9_U_Ribbon_Connectors4-13
Added Pin To Net: NetName=NE_R6 Pin=P9_U_Ribbon_Connectors4-14
Added Pin To Net: NetName=NE_L7 Pin=P9_U_Ribbon_Connectors4-15
Added Pin To Net: NetName=NE_R7 Pin=P9_U_Ribbon_Connectors4-16
Added Pin To Net: NetName=GND Pin=R32-2
Added Pin To Net: NetName=3.3V Pin=R33-1
Added Pin To Net: NetName=GND Pin=U7-1
Added Pin To Net: NetName=NetC27_1 Pin=U7-2
Added Pin To Net: NetName=12V Pin=U7-3
Added Pin To Net: NetName=12V Pin=U7-5
Added Pin To Net: NetName=NetC27_2 Pin=U7-6
Change Net Name : Old Net Name=NetU6_5 New Net Name=PLAY/PAUSE_LED
Added Pin To Net: NetName=NetP9_U_Ribbon_Connectors1_12 Pin=P9_U_Ribbon_Connectors1-12
Added Net: Name=NetP9_U_Ribbon_Connectors1_12
Added Pin To Net: NetName=NetP9_U_Ribbon_Connectors1_13 Pin=P9_U_Ribbon_Connectors1-13
Added Net: Name=NetP9_U_Ribbon_Connectors1_13
Added Pin To Net: NetName=NetR32_1 Pin=R32-1
Added Pin To Net: NetName=NetR32_1 Pin=R33-2
Added Pin To Net: NetName=NetR32_1 Pin=U7-4
Added Net: Name=NetR32_1
Added Pin To Net: NetName=NOTE_LEN Pin=P9_U_Ribbon_Connectors1-7
Added Net: Name=NOTE_LEN
Added Class: Name=Top_Level
Added Class: Name=U_Ribbon_Connectors1
Added Class: Name=U_Ribbon_Connectors2
Added Class: Name=U_Ribbon_Connectors3
Added Class: Name=U_Ribbon_Connectors4
Added Class: Name=Ribbon_Connectors
Added Member To Class: ClassName=Power Member=Component C27 08053C104KAT2A
Added Member To Class: ClassName=Power Member=Component C28 C3216X5R1E476M16
Added Member To Class: ClassName=Power Member=Component C29 GRM32ER61E226KE1
Added Member To Class: ClassName=Power Member=Component R32 CRCW040210K2FKED
Added Member To Class: ClassName=Power Member=Component R33 CRCW040233K2FKED
Added Room: Name=Power
Added Room: Name=Top_Level
Added Room: Name=U_Ribbon_Connectors1
Added Room: Name=U_Ribbon_Connectors2
Added Room: Name=U_Ribbon_Connectors3
Added Room: Name=U_Ribbon_Connectors4
