Added Component: Designator=C1_DAC_CV Control1(C0805)
Added Component: Designator=C1_DAC_CV Control2(C0805)
Added Component: Designator=C1_GC_Gate Control1(C0805)
Added Component: Designator=C1_GC_Gate Control2(C0805)
Added Component: Designator=C1_IOOP(C0805)
Added Component: Designator=C1_PWR(C0805)
Added Component: Designator=C2_DAC_CV Control1(C0805)
Added Component: Designator=C2_DAC_CV Control2(C0805)
Added Component: Designator=C2_GC_Gate Control1(C0805)
Added Component: Designator=C2_GC_Gate Control2(C0805)
Added Component: Designator=C2_IOOP(C0805)
Added Component: Designator=C2_PWR(C0805)
Added Component: Designator=C3_DACOP_CV Control1(C0805)
Added Component: Designator=C3_DACOP_CV Control2(C0805)
Added Component: Designator=C3_IOOP(C0805)
Added Component: Designator=C3_PWR(C0805)
Added Component: Designator=C4_DACOP_CV Control1(C0805)
Added Component: Designator=C4_DACOP_CV Control2(C0805)
Added Component: Designator=C4_PWR(RB7.6-15)
Added Component: Designator=C5_PWR(RB7.6-15)
Added Component: Designator=C6_PWR(RB7.6-15)
Added Component: Designator=C7_PWR(C0805)
Added Component: Designator=C8_PWR(C0805)
Added Pin To Net: NetName=GND Pin=C1_DAC_CV Control1-1
Added Pin To Net: NetName=5V Pin=C1_DAC_CV Control1-2
Added Pin To Net: NetName=GND Pin=C1_DAC_CV Control2-1
Added Pin To Net: NetName=5V Pin=C1_DAC_CV Control2-2
Added Pin To Net: NetName=GND Pin=C1_GC_Gate Control1-1
Added Pin To Net: NetName=-12V Pin=C1_GC_Gate Control1-2
Added Pin To Net: NetName=GND Pin=C1_GC_Gate Control2-1
Added Pin To Net: NetName=-12V Pin=C1_GC_Gate Control2-2
Added Pin To Net: NetName=3.3V Pin=C1_IOOP-1
Added Pin To Net: NetName=GND Pin=C1_IOOP-2
Added Pin To Net: NetName=GND Pin=C1_PWR-1
Added Pin To Net: NetName=5V Pin=C1_PWR-2
Added Pin To Net: NetName=5V Pin=C2_DAC_CV Control1-1
Added Pin To Net: NetName=GND Pin=C2_DAC_CV Control1-2
Added Pin To Net: NetName=5V Pin=C2_DAC_CV Control2-1
Added Pin To Net: NetName=GND Pin=C2_DAC_CV Control2-2
Added Pin To Net: NetName=12V Pin=C2_GC_Gate Control1-1
Added Pin To Net: NetName=GND Pin=C2_GC_Gate Control1-2
Added Pin To Net: NetName=12V Pin=C2_GC_Gate Control2-1
Added Pin To Net: NetName=GND Pin=C2_GC_Gate Control2-2
Added Pin To Net: NetName=GND Pin=C2_IOOP-1
Added Pin To Net: NetName=-12V Pin=C2_IOOP-2
Added Pin To Net: NetName=GND Pin=C2_PWR-1
Added Pin To Net: NetName=12V Pin=C2_PWR-2
Added Pin To Net: NetName=-12V Pin=C3_DACOP_CV Control1-1
Added Pin To Net: NetName=GND Pin=C3_DACOP_CV Control1-2
Added Pin To Net: NetName=-12V Pin=C3_DACOP_CV Control2-1
Added Pin To Net: NetName=GND Pin=C3_DACOP_CV Control2-2
Added Pin To Net: NetName=12V Pin=C3_IOOP-1
Added Pin To Net: NetName=GND Pin=C3_IOOP-2
Added Pin To Net: NetName=GND Pin=C3_PWR-1
Added Pin To Net: NetName=-12V Pin=C3_PWR-2
Added Pin To Net: NetName=12V Pin=C4_DACOP_CV Control1-1
Added Pin To Net: NetName=GND Pin=C4_DACOP_CV Control1-2
Added Pin To Net: NetName=12V Pin=C4_DACOP_CV Control2-1
Added Pin To Net: NetName=GND Pin=C4_DACOP_CV Control2-2
Added Pin To Net: NetName=5V Pin=C4_PWR-1
Added Pin To Net: NetName=GND Pin=C4_PWR-2
Added Pin To Net: NetName=12V Pin=C5_PWR-1
Added Pin To Net: NetName=GND Pin=C5_PWR-2
Added Pin To Net: NetName=GND Pin=C6_PWR-1
Added Pin To Net: NetName=-12V Pin=C6_PWR-2
Added Pin To Net: NetName=GND Pin=C7_PWR-1
Added Pin To Net: NetName=3.3V Pin=C7_PWR-2
Added Pin To Net: NetName=GND Pin=C8_PWR-1
Added Pin To Net: NetName=12V Pin=C8_PWR-2
Added Member To Class: ClassName=CV Control1 Member=Component C1_DAC_CV Control1 (C1_DAC) 
Added Member To Class: ClassName=CV Control2 Member=Component C1_DAC_CV Control2 (C1_DAC) 
Added Member To Class: ClassName=Gate Control1 Member=Component C1_GC_Gate Control1 (C1_GC) 
Added Member To Class: ClassName=Gate Control2 Member=Component C1_GC_Gate Control2 (C1_GC) 
Added Member To Class: ClassName=Digital_Io Member=Component C1_IOOP 
Added Member To Class: ClassName=Power Member=Component C1_PWR 
Added Member To Class: ClassName=CV Control1 Member=Component C2_DAC_CV Control1 (C2_DAC) 
Added Member To Class: ClassName=CV Control2 Member=Component C2_DAC_CV Control2 (C2_DAC) 
Added Member To Class: ClassName=Gate Control1 Member=Component C2_GC_Gate Control1 (C2_GC) 
Added Member To Class: ClassName=Gate Control2 Member=Component C2_GC_Gate Control2 (C2_GC) 
Added Member To Class: ClassName=Digital_Io Member=Component C2_IOOP 
Added Member To Class: ClassName=Power Member=Component C2_PWR 
Added Member To Class: ClassName=CV Control1 Member=Component C3_DACOP_CV Control1 (C3_DACOP) 
Added Member To Class: ClassName=CV Control2 Member=Component C3_DACOP_CV Control2 (C3_DACOP) 
Added Member To Class: ClassName=Digital_Io Member=Component C3_IOOP 
Added Member To Class: ClassName=Power Member=Component C3_PWR 
Added Member To Class: ClassName=CV Control1 Member=Component C4_DACOP_CV Control1 (C4_DACOP) 
Added Member To Class: ClassName=CV Control2 Member=Component C4_DACOP_CV Control2 (C4_DACOP) 
Added Member To Class: ClassName=Power Member=Component C4_PWR Cap Pol1
Added Member To Class: ClassName=Power Member=Component C5_PWR Cap Pol1
Added Member To Class: ClassName=Power Member=Component C6_PWR Cap Pol1
Added Member To Class: ClassName=Power Member=Component C7_PWR 
Added Member To Class: ClassName=Power Member=Component C8_PWR 
