Add component (AddParameter): Name = "LatestRevisionDate"; Value = "17-Jul-2002"; VariantName = "[No Variations]"
Add component (AddParameter): Name = "LatestRevisionNote"; Value = "Re-released for DXP Platform."; VariantName = "[No Variations]"
Add component (AddParameter): Name = "Publisher"; Value = "Altium Limited"; VariantName = "[No Variations]"
Added Component: Designator=P9(HDR2X8)
Add component. Clean all parameters for all variants
Add component (AddParameter): Name = "LatestRevisionDate"; Value = "17-Jul-2002"; VariantName = "[No Variations]"
Add component (AddParameter): Name = "LatestRevisionNote"; Value = "Re-released for DXP Platform."; VariantName = "[No Variations]"
Add component (AddParameter): Name = "Publisher"; Value = "Altium Limited"; VariantName = "[No Variations]"
Added Pin To Net: NetName=5V Pin=P9-5
Added Pin To Net: NetName=5V Pin=P9-6
Added Pin To Net: NetName=12V Pin=P9-7
Added Pin To Net: NetName=12V Pin=P9-8
Added Pin To Net: NetName=GND Pin=P9-9
Added Pin To Net: NetName=GND Pin=P9-10
Added Pin To Net: NetName=GND Pin=P9-11
Added Pin To Net: NetName=GND Pin=P9-12
Added Pin To Net: NetName=GND Pin=P9-13
Added Pin To Net: NetName=GND Pin=P9-14
Added Pin To Net: NetName=-12V Pin=P9-15
Added Pin To Net: NetName=-12V Pin=P9-16
Added Member To Class: ClassName=PWR Member=Component P9 Header 8X2
