Removed Pin From Net: NetName=NE_SW7 Pin=R11_EXP_BTN1-6
Removed Pin From Net: NetName=NE_SW6 Pin=R11_EXP_BTN1-7
Removed Pin From Net: NetName=NE_SW5 Pin=R11_EXP_BTN1-8
Removed Pin From Net: NetName=NE_SW4 Pin=R11_EXP_BTN1-9
Removed Pin From Net: NetName=SW8 Pin=R11_EXP_BTN2-6
Removed Pin From Net: NetName=SW7 Pin=R11_EXP_BTN2-7
Removed Pin From Net: NetName=SW6 Pin=R11_EXP_BTN2-8
Removed Pin From Net: NetName=SW5 Pin=R11_EXP_BTN2-9
Removed Pin From Net: NetName=AE_SW0 Pin=R12_EXP_BTN1-6
Removed Pin From Net: NetName=AE_SW1 Pin=R12_EXP_BTN1-7
Removed Pin From Net: NetName=AE_SW2 Pin=R12_EXP_BTN1-8
Removed Pin From Net: NetName=AE_SW3 Pin=R12_EXP_BTN1-9
Removed Pin From Net: NetName=SW9 Pin=R12_EXP_BTN2-6
Removed Pin From Net: NetName=SW10 Pin=R12_EXP_BTN2-7
Removed Pin From Net: NetName=SW11 Pin=R12_EXP_BTN2-8
Removed Pin From Net: NetName=SW12 Pin=R12_EXP_BTN2-9
Added Pin To Net: NetName=NE_SW4 Pin=R11_EXP_BTN1-6
Added Pin To Net: NetName=NE_SW5 Pin=R11_EXP_BTN1-7
Added Pin To Net: NetName=NE_SW6 Pin=R11_EXP_BTN1-8
Added Pin To Net: NetName=NE_SW7 Pin=R11_EXP_BTN1-9
Added Pin To Net: NetName=SW5 Pin=R11_EXP_BTN2-6
Added Pin To Net: NetName=SW6 Pin=R11_EXP_BTN2-7
Added Pin To Net: NetName=SW7 Pin=R11_EXP_BTN2-8
Added Pin To Net: NetName=SW8 Pin=R11_EXP_BTN2-9
Added Pin To Net: NetName=AE_SW3 Pin=R12_EXP_BTN1-6
Added Pin To Net: NetName=AE_SW2 Pin=R12_EXP_BTN1-7
Added Pin To Net: NetName=AE_SW1 Pin=R12_EXP_BTN1-8
Added Pin To Net: NetName=AE_SW0 Pin=R12_EXP_BTN1-9
Added Pin To Net: NetName=SW12 Pin=R12_EXP_BTN2-6
Added Pin To Net: NetName=SW11 Pin=R12_EXP_BTN2-7
Added Pin To Net: NetName=SW10 Pin=R12_EXP_BTN2-8
Added Pin To Net: NetName=SW9 Pin=R12_EXP_BTN2-9
