Removed Pin From Net: NetName=RED2 Pin=DRV1-6
Removed Pin From Net: NetName=GRN2 Pin=DRV1-7
Removed Pin From Net: NetName=BLU2 Pin=DRV1-8
Removed Pin From Net: NetName=RED3 Pin=DRV1-13
Removed Pin From Net: NetName=GRN3 Pin=DRV1-14
Removed Pin From Net: NetName=BLU3 Pin=DRV1-15
Removed Pin From Net: NetName=RED4 Pin=DRV1-16
Removed Pin From Net: NetName=GRN4 Pin=DRV1-17
Removed Pin From Net: NetName=BLU4 Pin=DRV1-18
Removed Pin From Net: NetName=RED5 Pin=DRV2-3
Removed Pin From Net: NetName=GRN5 Pin=DRV2-4
Removed Pin From Net: NetName=BLU5 Pin=DRV2-5
Removed Pin From Net: NetName=RED6 Pin=DRV2-6
Removed Pin From Net: NetName=GRN6 Pin=DRV2-7
Removed Pin From Net: NetName=BLU6 Pin=DRV2-8
Removed Pin From Net: NetName=RED7 Pin=DRV2-13
Removed Pin From Net: NetName=GRN7 Pin=DRV2-14
Removed Pin From Net: NetName=BLU7 Pin=DRV2-15
Removed Pin From Net: NetName=RED8 Pin=DRV2-16
Removed Pin From Net: NetName=GRN8 Pin=DRV2-17
Removed Pin From Net: NetName=BLU8 Pin=DRV2-18
Removed Pin From Net: NetName=RED9 Pin=DRV3-3
Removed Pin From Net: NetName=GRN9 Pin=DRV3-4
Removed Pin From Net: NetName=BLU9 Pin=DRV3-5
Removed Pin From Net: NetName=RED10 Pin=DRV3-6
Removed Pin From Net: NetName=GRN10 Pin=DRV3-7
Removed Pin From Net: NetName=BLU10 Pin=DRV3-8
Removed Pin From Net: NetName=RED11 Pin=DRV3-13
Removed Pin From Net: NetName=GRN11 Pin=DRV3-14
Removed Pin From Net: NetName=BLU11 Pin=DRV3-15
Removed Pin From Net: NetName=RED12 Pin=DRV3-16
Removed Pin From Net: NetName=GRN12 Pin=DRV3-17
Removed Pin From Net: NetName=BLU12 Pin=DRV3-18
Removed Pin From Net: NetName=RED13 Pin=DRV4-3
Removed Pin From Net: NetName=GRN13 Pin=DRV4-4
Removed Pin From Net: NetName=BLU13 Pin=DRV4-5
Removed Pin From Net: NetName=RED14 Pin=DRV4-6
Removed Pin From Net: NetName=GRN14 Pin=DRV4-7
Removed Pin From Net: NetName=BLU14 Pin=DRV4-8
Removed Pin From Net: NetName=RED15 Pin=DRV4-13
Removed Pin From Net: NetName=GRN15 Pin=DRV4-14
Removed Pin From Net: NetName=BLU15 Pin=DRV4-15
Removed Pin From Net: NetName=RED16 Pin=DRV4-16
Removed Pin From Net: NetName=GRN16 Pin=DRV4-17
Removed Pin From Net: NetName=BLU16 Pin=DRV4-18
Add component (AddParameter): Name = "LatestRevisionDate"; Value = "17-Jul-2002"; VariantName = "[No Variations]"
Add component (AddParameter): Name = "LatestRevisionNote"; Value = "Re-released for DXP Platform."; VariantName = "[No Variations]"
Add component (AddParameter): Name = "PackageDescription"; Value = "Axial Device, Thru-Hole; 2 Leads; 0.3 in Pin Spacing"; VariantName = "[No Variations]"
Add component (AddParameter): Name = "PackageReference"; Value = "AXIAL-0.3"; VariantName = "[No Variations]"
Add component (AddParameter): Name = "Published"; Value = "8-Jun-2000"; VariantName = "[No Variations]"
Add component (AddParameter): Name = "Publisher"; Value = "Altium Limited"; VariantName = "[No Variations]"
Add component (AddParameter): Name = "Value"; Value = "2.5K"; VariantName = "[No Variations]"
Added Component: Designator=R3(AXIAL-0.3)
Add component. Clean all parameters for all variants
Add component (AddParameter): Name = "LatestRevisionDate"; Value = "17-Jul-2002"; VariantName = "[No Variations]"
Add component (AddParameter): Name = "LatestRevisionNote"; Value = "Re-released for DXP Platform."; VariantName = "[No Variations]"
Add component (AddParameter): Name = "PackageDescription"; Value = "Axial Device, Thru-Hole; 2 Leads; 0.3 in Pin Spacing"; VariantName = "[No Variations]"
Add component (AddParameter): Name = "PackageReference"; Value = "AXIAL-0.3"; VariantName = "[No Variations]"
Add component (AddParameter): Name = "Published"; Value = "8-Jun-2000"; VariantName = "[No Variations]"
Add component (AddParameter): Name = "Publisher"; Value = "Altium Limited"; VariantName = "[No Variations]"
Add component (AddParameter): Name = "Value"; Value = "2.5K"; VariantName = "[No Variations]"
Added Pin To Net: NetName=RED9 Pin=DRV1-6
Added Pin To Net: NetName=GRN9 Pin=DRV1-7
Added Pin To Net: NetName=BLU9 Pin=DRV1-8
Added Pin To Net: NetName=RED10 Pin=DRV1-13
Added Pin To Net: NetName=GRN10 Pin=DRV1-14
Added Pin To Net: NetName=BLU10 Pin=DRV1-15
Added Pin To Net: NetName=RED2 Pin=DRV1-16
Added Pin To Net: NetName=GRN2 Pin=DRV1-17
Added Pin To Net: NetName=BLU2 Pin=DRV1-18
Added Pin To Net: NetName=RED3 Pin=DRV2-3
Added Pin To Net: NetName=GRN3 Pin=DRV2-4
Added Pin To Net: NetName=BLU3 Pin=DRV2-5
Added Pin To Net: NetName=RED11 Pin=DRV2-6
Added Pin To Net: NetName=GRN11 Pin=DRV2-7
Added Pin To Net: NetName=BLU11 Pin=DRV2-8
Added Pin To Net: NetName=RED12 Pin=DRV2-13
Added Pin To Net: NetName=GRN12 Pin=DRV2-14
Added Pin To Net: NetName=BLU12 Pin=DRV2-15
Added Pin To Net: NetName=RED4 Pin=DRV2-16
Added Pin To Net: NetName=GRN4 Pin=DRV2-17
Added Pin To Net: NetName=BLU4 Pin=DRV2-18
Added Pin To Net: NetName=RED5 Pin=DRV3-3
Added Pin To Net: NetName=GRN5 Pin=DRV3-4
Added Pin To Net: NetName=BLU5 Pin=DRV3-5
Added Pin To Net: NetName=RED13 Pin=DRV3-6
Added Pin To Net: NetName=GRN13 Pin=DRV3-7
Added Pin To Net: NetName=BLU13 Pin=DRV3-8
Added Pin To Net: NetName=RED14 Pin=DRV3-13
Added Pin To Net: NetName=GRN14 Pin=DRV3-14
Added Pin To Net: NetName=BLU14 Pin=DRV3-15
Added Pin To Net: NetName=RED6 Pin=DRV3-16
Added Pin To Net: NetName=GRN6 Pin=DRV3-17
Added Pin To Net: NetName=BLU6 Pin=DRV3-18
Added Pin To Net: NetName=RED7 Pin=DRV4-3
Added Pin To Net: NetName=GRN7 Pin=DRV4-4
Added Pin To Net: NetName=BLU7 Pin=DRV4-5
Added Pin To Net: NetName=RED15 Pin=DRV4-6
Added Pin To Net: NetName=GRN15 Pin=DRV4-7
Added Pin To Net: NetName=BLU15 Pin=DRV4-8
Added Pin To Net: NetName=RED16 Pin=DRV4-13
Added Pin To Net: NetName=GRN16 Pin=DRV4-14
Added Pin To Net: NetName=BLU16 Pin=DRV4-15
Added Pin To Net: NetName=RED8 Pin=DRV4-16
Added Pin To Net: NetName=GRN8 Pin=DRV4-17
Added Pin To Net: NetName=BLU8 Pin=DRV4-18
Added Pin To Net: NetName=GND Pin=R3-1
Added Pin To Net: NetName=NetDRV3_1 Pin=R3-2
Added Member To Class: ClassName=Interface Member=Component R3
