Importer Log Report
Project : Button_Pad_Breakout-v05.PrjPcb

Section : Analyze Document - C:\Users\Kurt\Desktop\Button_Pad_Breakout\Button_Pad_Breakout-v05.brd
    Analyzing data of C:\Users\Kurt\Desktop\Button_Pad_Breakout\Button_Pad_Breakout-v05.brd
    Load settings
    Load layers 77
    Load Library "SparkFun"
    Load Packages 6
EndSection

Section : Analyze Document - C:\Users\Kurt\Desktop\Button_Pad_Breakout\Button_Pad_Breakout-v05.sch
    Analyzing data of C:\Users\Kurt\Desktop\Button_Pad_Breakout\Button_Pad_Breakout-v05.sch
    Load settings
    Load layers 77
    Load schematic
    Load Libraries 1
    Load Library "SparkFun"
    Load Packages 11
    Load Symbols 8
    Load DeviceSets 7
    Load Attributes 0
    Load Classes 4
    Load Parts 31
    Load Sheets 1
EndSection
