Change Component DesignItemId : Designator=D1 Old DesignItemId=DOIDE-1N4148 New DesignItemId=DIODE-1N4148
Change Component DesignItemId : Designator=D2 Old DesignItemId=DOIDE-1N4148 New DesignItemId=DIODE-1N4148
Change Component DesignItemId : Designator=D3 Old DesignItemId=DOIDE-1N4148 New DesignItemId=DIODE-1N4148
Change Component DesignItemId : Designator=D4 Old DesignItemId=DOIDE-1N4148 New DesignItemId=DIODE-1N4148
Change Component DesignItemId : Designator=D5 Old DesignItemId=DOIDE-1N4148 New DesignItemId=DIODE-1N4148
Change Component DesignItemId : Designator=D6 Old DesignItemId=DOIDE-1N4148 New DesignItemId=DIODE-1N4148
Change Component DesignItemId : Designator=D7 Old DesignItemId=DOIDE-1N4148 New DesignItemId=DIODE-1N4148
Change Component DesignItemId : Designator=D8 Old DesignItemId=DOIDE-1N4148 New DesignItemId=DIODE-1N4148
Change Component DesignItemId : Designator=D9 Old DesignItemId=DOIDE-1N4148 New DesignItemId=DIODE-1N4148
Change Component DesignItemId : Designator=D10 Old DesignItemId=DOIDE-1N4148 New DesignItemId=DIODE-1N4148
Change Component DesignItemId : Designator=D11 Old DesignItemId=DOIDE-1N4148 New DesignItemId=DIODE-1N4148
Change Component DesignItemId : Designator=D12 Old DesignItemId=DOIDE-1N4148 New DesignItemId=DIODE-1N4148
Change Component DesignItemId : Designator=D13 Old DesignItemId=DOIDE-1N4148 New DesignItemId=DIODE-1N4148
Change Component DesignItemId : Designator=D14 Old DesignItemId=DOIDE-1N4148 New DesignItemId=DIODE-1N4148
Change Component DesignItemId : Designator=D15 Old DesignItemId=DOIDE-1N4148 New DesignItemId=DIODE-1N4148
Change Component DesignItemId : Designator=D16 Old DesignItemId=DOIDE-1N4148 New DesignItemId=DIODE-1N4148
Change Component DesignItemId : Designator=JP5 Old DesignItemId=MOLEX-1X2 New DesignItemId=M02POLAR
Change Component DesignItemId : Designator=JP6 Old DesignItemId=MOLEX-1X2 New DesignItemId=M02POLAR
Change Component DesignItemId : Designator=JP7 Old DesignItemId=MOLEX-1X2 New DesignItemId=M02POLAR
Change Component DesignItemId : Designator=JP8 Old DesignItemId=MOLEX-1X2 New DesignItemId=M02POLAR
Change Component DesignItemId : Designator=JP1 Old DesignItemId=MOLEX-1X4 New DesignItemId=M04POLAR
Change Component DesignItemId : Designator=JP2 Old DesignItemId=MOLEX-1X4 New DesignItemId=M04POLAR
Change Component DesignItemId : Designator=JP3 Old DesignItemId=MOLEX-1X4 New DesignItemId=M04POLAR
Change Component DesignItemId : Designator=JP4 Old DesignItemId=MOLEX-1X4 New DesignItemId=M04POLAR
Change Component DesignItemId : Designator=U$1 Old DesignItemId=SFE-NEW-WEBLOGO New DesignItemId=LOGO-SFE
Change Component Comment : Designator=P1 Old Comment= New Comment=BUTTONPAD-4x4
Change Component Comment : Designator=P2 Old Comment= New Comment=BUTTONPAD-4x4
Change Component Comment : Designator=P3 Old Comment= New Comment=BUTTONPAD-4x4
Change Component Comment : Designator=P4 Old Comment= New Comment=BUTTONPAD-4x4
Change Component Comment : Designator=U$2 Old Comment= New Comment=CREATIVE_COMMONS
Change Component Comment : Designator=D1 Old Comment= New Comment=DIODE-1N4148
Change Component Comment : Designator=D2 Old Comment= New Comment=DIODE-1N4148
Change Component Comment : Designator=D3 Old Comment= New Comment=DIODE-1N4148
Change Component Comment : Designator=D4 Old Comment= New Comment=DIODE-1N4148
Change Component Comment : Designator=D5 Old Comment= New Comment=DIODE-1N4148
Change Component Comment : Designator=D6 Old Comment= New Comment=DIODE-1N4148
Change Component Comment : Designator=D7 Old Comment= New Comment=DIODE-1N4148
Change Component Comment : Designator=D8 Old Comment= New Comment=DIODE-1N4148
Change Component Comment : Designator=D9 Old Comment= New Comment=DIODE-1N4148
Change Component Comment : Designator=D10 Old Comment= New Comment=DIODE-1N4148
Change Component Comment : Designator=D11 Old Comment= New Comment=DIODE-1N4148
Change Component Comment : Designator=D12 Old Comment= New Comment=DIODE-1N4148
Change Component Comment : Designator=D13 Old Comment= New Comment=DIODE-1N4148
Change Component Comment : Designator=D14 Old Comment= New Comment=DIODE-1N4148
Change Component Comment : Designator=D15 Old Comment= New Comment=DIODE-1N4148
Change Component Comment : Designator=D16 Old Comment= New Comment=DIODE-1N4148
Change Component Comment : Designator=U$1 Old Comment= New Comment=LOGO-SFE
Change Component Comment : Designator=JP5 Old Comment= New Comment=M02POLAR
Change Component Comment : Designator=JP6 Old Comment= New Comment=M02POLAR
Change Component Comment : Designator=JP7 Old Comment= New Comment=M02POLAR
Change Component Comment : Designator=JP8 Old Comment= New Comment=M02POLAR
Change Component Comment : Designator=JP1 Old Comment= New Comment=M04POLAR
Change Component Comment : Designator=JP2 Old Comment= New Comment=M04POLAR
Change Component Comment : Designator=JP3 Old Comment= New Comment=M04POLAR
Change Component Comment : Designator=JP4 Old Comment= New Comment=M04POLAR
Change Component Description : Designator=P1 Old Description= New Description=5mm Button PadProven layout and schematic for 2x2 button pad. Panelize this device/fp to a 4x4 pad if needed. Spark Fun Electronics SKU : COM-07835. Compatible common cathode tri-color LED SKU : COM-00105
Change Component Description : Designator=P2 Old Description= New Description=5mm Button PadProven layout and schematic for 2x2 button pad. Panelize this device/fp to a 4x4 pad if needed. Spark Fun Electronics SKU : COM-07835. Compatible common cathode tri-color LED SKU : COM-00105
Change Component Description : Designator=P3 Old Description= New Description=5mm Button PadProven layout and schematic for 2x2 button pad. Panelize this device/fp to a 4x4 pad if needed. Spark Fun Electronics SKU : COM-07835. Compatible common cathode tri-color LED SKU : COM-00105
Change Component Description : Designator=P4 Old Description= New Description=5mm Button PadProven layout and schematic for 2x2 button pad. Panelize this device/fp to a 4x4 pad if needed. Spark Fun Electronics SKU : COM-07835. Compatible common cathode tri-color LED SKU : COM-00105
Change Component Description : Designator=JP5 Old Description= New Description=Header 2Standard 2-pin 0.1" header. Use with straight break away headers (SKU : PRT-00116), right angle break away headers (PRT-00553), swiss pins (PRT-00743), machine pins (PRT-00117), and female headers (PRT-00115). Molex polarized connector foot print use with SKU : PRT-08233 with associated crimp pins and housings.
Change Component Description : Designator=JP6 Old Description= New Description=Header 2Standard 2-pin 0.1" header. Use with straight break away headers (SKU : PRT-00116), right angle break away headers (PRT-00553), swiss pins (PRT-00743), machine pins (PRT-00117), and female headers (PRT-00115). Molex polarized connector foot print use with SKU : PRT-08233 with associated crimp pins and housings.
Change Component Description : Designator=JP7 Old Description= New Description=Header 2Standard 2-pin 0.1" header. Use with straight break away headers (SKU : PRT-00116), right angle break away headers (PRT-00553), swiss pins (PRT-00743), machine pins (PRT-00117), and female headers (PRT-00115). Molex polarized connector foot print use with SKU : PRT-08233 with associated crimp pins and housings.
Change Component Description : Designator=JP8 Old Description= New Description=Header 2Standard 2-pin 0.1" header. Use with straight break away headers (SKU : PRT-00116), right angle break away headers (PRT-00553), swiss pins (PRT-00743), machine pins (PRT-00117), and female headers (PRT-00115). Molex polarized connector foot print use with SKU : PRT-08233 with associated crimp pins and housings.
Change Component Description : Designator=JP1 Old Description= New Description=Header 4Standard 4-pin 0.1" header. Use with straight break away headers (SKU : PRT-00116), right angle break away headers (PRT-00553), swiss pins (PRT-00743), machine pins (PRT-00117), and female headers (PRT-00115). Molex polarized connector foot print use with SKU : PRT-08231 with associated crimp pins and housings.
Change Component Description : Designator=JP2 Old Description= New Description=Header 4Standard 4-pin 0.1" header. Use with straight break away headers (SKU : PRT-00116), right angle break away headers (PRT-00553), swiss pins (PRT-00743), machine pins (PRT-00117), and female headers (PRT-00115). Molex polarized connector foot print use with SKU : PRT-08231 with associated crimp pins and housings.
Change Component Description : Designator=JP3 Old Description= New Description=Header 4Standard 4-pin 0.1" header. Use with straight break away headers (SKU : PRT-00116), right angle break away headers (PRT-00553), swiss pins (PRT-00743), machine pins (PRT-00117), and female headers (PRT-00115). Molex polarized connector foot print use with SKU : PRT-08231 with associated crimp pins and housings.
Change Component Description : Designator=JP4 Old Description= New Description=Header 4Standard 4-pin 0.1" header. Use with straight break away headers (SKU : PRT-00116), right angle break away headers (PRT-00553), swiss pins (PRT-00743), machine pins (PRT-00117), and female headers (PRT-00115). Molex polarized connector foot print use with SKU : PRT-08231 with associated crimp pins and housings.
Change Component Description : Designator=U$1 Old Description= New Description=Spark Fun Electronics PCB LogoThis is the standard Spark Fun Electronics PCB logo.
Change Component Library : Designator=D1 Old Library= New Library=SparkFun.IntLib
Change Component Library : Designator=D2 Old Library= New Library=SparkFun.IntLib
Change Component Library : Designator=D3 Old Library= New Library=SparkFun.IntLib
Change Component Library : Designator=D4 Old Library= New Library=SparkFun.IntLib
Change Component Library : Designator=D5 Old Library= New Library=SparkFun.IntLib
Change Component Library : Designator=D6 Old Library= New Library=SparkFun.IntLib
Change Component Library : Designator=D7 Old Library= New Library=SparkFun.IntLib
Change Component Library : Designator=D8 Old Library= New Library=SparkFun.IntLib
Change Component Library : Designator=D9 Old Library= New Library=SparkFun.IntLib
Change Component Library : Designator=D10 Old Library= New Library=SparkFun.IntLib
Change Component Library : Designator=D11 Old Library= New Library=SparkFun.IntLib
Change Component Library : Designator=D12 Old Library= New Library=SparkFun.IntLib
Change Component Library : Designator=D13 Old Library= New Library=SparkFun.IntLib
Change Component Library : Designator=D14 Old Library= New Library=SparkFun.IntLib
Change Component Library : Designator=D15 Old Library= New Library=SparkFun.IntLib
Change Component Library : Designator=D16 Old Library= New Library=SparkFun.IntLib
Change Component Library : Designator=JP1 Old Library= New Library=SparkFun.IntLib
Change Component Library : Designator=JP2 Old Library= New Library=SparkFun.IntLib
Change Component Library : Designator=JP3 Old Library= New Library=SparkFun.IntLib
Change Component Library : Designator=JP4 Old Library= New Library=SparkFun.IntLib
Change Component Library : Designator=JP5 Old Library= New Library=SparkFun.IntLib
Change Component Library : Designator=JP6 Old Library= New Library=SparkFun.IntLib
Change Component Library : Designator=JP7 Old Library= New Library=SparkFun.IntLib
Change Component Library : Designator=JP8 Old Library= New Library=SparkFun.IntLib
Change Component Library : Designator=P1 Old Library= New Library=SparkFun.IntLib
Change Component Library : Designator=P2 Old Library= New Library=SparkFun.IntLib
Change Component Library : Designator=P3 Old Library= New Library=SparkFun.IntLib
Change Component Library : Designator=P4 Old Library= New Library=SparkFun.IntLib
Change Component Library : Designator=U$1 Old Library= New Library=SparkFun.IntLib
Change Component Library : Designator=U$2 Old Library= New Library=SparkFun.IntLib
Change component parameters (AddParameter): Name = "SFE"; Value = "SFE"; VariantName = "[No Variations]"
Change component parameters. Clean all parameters for all variants
Change component parameters (AddParameter): Name = "SFE"; Value = "SFE"; VariantName = "[No Variations]"
Change component parameters (AddParameter): Name = "Designby"; Value = "Design by:"; VariantName = "[No Variations]"
Change component parameters (AddParameter): Name = "http://creativecommons.org/licenses/by-sa/3.0"; Value = "http://creativecommons.org/licenses/by-sa/3.0"; VariantName = "[No Variations]"
Change component parameters (AddParameter): Name = "ReleasedundertheCreativeCommonsAttributionShare-Alike3.0License"; Value = "Released under the Creative Commons Attribution Share-Alike 3.0 License"; VariantName = "[No Variations]"
Change component parameters. Clean all parameters for all variants
Change component parameters (AddParameter): Name = "Designby"; Value = "Design by:"; VariantName = "[No Variations]"
Change component parameters (AddParameter): Name = "http://creativecommons.org/licenses/by-sa/3.0"; Value = "http://creativecommons.org/licenses/by-sa/3.0"; VariantName = "[No Variations]"
Change component parameters (AddParameter): Name = "ReleasedundertheCreativeCommonsAttributionShare-Alike3.0License"; Value = "Released under the Creative Commons Attribution Share-Alike 3.0 License"; VariantName = "[No Variations]"
Add component (AddParameter): Name = "Code_JEDEC"; Value = "MS-026-BED"; VariantName = "[No Variations]"
Add component (AddParameter): Name = "ComponentLink1Description"; Value = "Manufacturer URL"; VariantName = "[No Variations]"
Add component (AddParameter): Name = "ComponentLink1URL"; Value = "http://www.atmel.com/"; VariantName = "[No Variations]"
Add component (AddParameter): Name = "ComponentLink2Description"; Value = "SAM4S Series Datasheet"; VariantName = "[No Variations]"
Add component (AddParameter): Name = "ComponentLink2URL"; Value = "http://www.atmel.com/dyn/resources/prod_documents/11100.pdf"; VariantName = "[No Variations]"
Add component (AddParameter): Name = "ComponentLink3Description"; Value = "SAM4S Series Summary"; VariantName = "[No Variations]"
Add component (AddParameter): Name = "ComponentLink3URL"; Value = "http://www.atmel.com/dyn/resources/prod_documents/11100S.pdf"; VariantName = "[No Variations]"
Add component (AddParameter): Name = "DatasheetVersion"; Value = "revA, Oct-2011"; VariantName = "[No Variations]"
Add component (AddParameter): Name = "PackageDescription"; Value = "100-Pin Thin Quad Flat Pack 0.5 mm Pitch"; VariantName = "[No Variations]"
Add component (AddParameter): Name = "PackageReference"; Value = "LQFP100"; VariantName = "[No Variations]"
Add component (AddParameter): Name = "PackageVersion"; Value = "Apr-2006"; VariantName = "[No Variations]"
Added Component: Designator=U?(LQFP100_N)
Add component. Clean all parameters for all variants
Add component (AddParameter): Name = "Code_JEDEC"; Value = "MS-026-BED"; VariantName = "[No Variations]"
Add component (AddParameter): Name = "ComponentLink1Description"; Value = "Manufacturer URL"; VariantName = "[No Variations]"
Add component (AddParameter): Name = "ComponentLink1URL"; Value = "http://www.atmel.com/"; VariantName = "[No Variations]"
Add component (AddParameter): Name = "ComponentLink2Description"; Value = "SAM4S Series Datasheet"; VariantName = "[No Variations]"
Add component (AddParameter): Name = "ComponentLink2URL"; Value = "http://www.atmel.com/dyn/resources/prod_documents/11100.pdf"; VariantName = "[No Variations]"
Add component (AddParameter): Name = "ComponentLink3Description"; Value = "SAM4S Series Summary"; VariantName = "[No Variations]"
Add component (AddParameter): Name = "ComponentLink3URL"; Value = "http://www.atmel.com/dyn/resources/prod_documents/11100S.pdf"; VariantName = "[No Variations]"
Add component (AddParameter): Name = "DatasheetVersion"; Value = "revA, Oct-2011"; VariantName = "[No Variations]"
Add component (AddParameter): Name = "PackageDescription"; Value = "100-Pin Thin Quad Flat Pack 0.5 mm Pitch"; VariantName = "[No Variations]"
Add component (AddParameter): Name = "PackageReference"; Value = "LQFP100"; VariantName = "[No Variations]"
Add component (AddParameter): Name = "PackageVersion"; Value = "Apr-2006"; VariantName = "[No Variations]"
Add component (AddParameter): Name = "Code_JEDEC"; Value = "MS-026-BED"; VariantName = "[No Variations]"
Add component (AddParameter): Name = "ComponentLink1Description"; Value = "Manufacturer URL"; VariantName = "[No Variations]"
Add component (AddParameter): Name = "ComponentLink1URL"; Value = "http://www.atmel.com/"; VariantName = "[No Variations]"
Add component (AddParameter): Name = "ComponentLink2Description"; Value = "SAM4S Series Datasheet"; VariantName = "[No Variations]"
Add component (AddParameter): Name = "ComponentLink2URL"; Value = "http://www.atmel.com/dyn/resources/prod_documents/11100.pdf"; VariantName = "[No Variations]"
Add component (AddParameter): Name = "ComponentLink3Description"; Value = "SAM4S Series Summary"; VariantName = "[No Variations]"
Add component (AddParameter): Name = "ComponentLink3URL"; Value = "http://www.atmel.com/dyn/resources/prod_documents/11100S.pdf"; VariantName = "[No Variations]"
Add component (AddParameter): Name = "DatasheetVersion"; Value = "revA, Oct-2011"; VariantName = "[No Variations]"
Add component (AddParameter): Name = "PackageDescription"; Value = "100-Pin Thin Quad Flat Pack 0.5 mm Pitch"; VariantName = "[No Variations]"
Add component (AddParameter): Name = "PackageReference"; Value = "LQFP100"; VariantName = "[No Variations]"
Add component (AddParameter): Name = "PackageVersion"; Value = "Apr-2006"; VariantName = "[No Variations]"
Added Component: Designator=U?(LQFP100_N)
Add component. Clean all parameters for all variants
Add component (AddParameter): Name = "Code_JEDEC"; Value = "MS-026-BED"; VariantName = "[No Variations]"
Add component (AddParameter): Name = "ComponentLink1Description"; Value = "Manufacturer URL"; VariantName = "[No Variations]"
Add component (AddParameter): Name = "ComponentLink1URL"; Value = "http://www.atmel.com/"; VariantName = "[No Variations]"
Add component (AddParameter): Name = "ComponentLink2Description"; Value = "SAM4S Series Datasheet"; VariantName = "[No Variations]"
Add component (AddParameter): Name = "ComponentLink2URL"; Value = "http://www.atmel.com/dyn/resources/prod_documents/11100.pdf"; VariantName = "[No Variations]"
Add component (AddParameter): Name = "ComponentLink3Description"; Value = "SAM4S Series Summary"; VariantName = "[No Variations]"
Add component (AddParameter): Name = "ComponentLink3URL"; Value = "http://www.atmel.com/dyn/resources/prod_documents/11100S.pdf"; VariantName = "[No Variations]"
Add component (AddParameter): Name = "DatasheetVersion"; Value = "revA, Oct-2011"; VariantName = "[No Variations]"
Add component (AddParameter): Name = "PackageDescription"; Value = "100-Pin Thin Quad Flat Pack 0.5 mm Pitch"; VariantName = "[No Variations]"
Add component (AddParameter): Name = "PackageReference"; Value = "LQFP100"; VariantName = "[No Variations]"
Add component (AddParameter): Name = "PackageVersion"; Value = "Apr-2006"; VariantName = "[No Variations]"
Change Net Name : Old Net Name=N$1 New Net Name=NetD1_P$1
Change Net Name : Old Net Name=N$2 New Net Name=NetD2_P$1
Change Net Name : Old Net Name=N$3 New Net Name=NetD3_P$1
Change Net Name : Old Net Name=N$4 New Net Name=NetD4_P$1
Change Net Name : Old Net Name=N$5 New Net Name=NetD5_P$1
Change Net Name : Old Net Name=N$6 New Net Name=NetD6_P$1
Change Net Name : Old Net Name=N$7 New Net Name=NetD7_P$1
Change Net Name : Old Net Name=N$8 New Net Name=NetD8_P$1
Change Net Name : Old Net Name=N$9 New Net Name=NetD9_P$1
Change Net Name : Old Net Name=N$10 New Net Name=NetD10_P$1
Change Net Name : Old Net Name=N$11 New Net Name=NetD11_P$1
Change Net Name : Old Net Name=N$12 New Net Name=NetD12_P$1
Change Net Name : Old Net Name=N$13 New Net Name=NetD13_P$1
Change Net Name : Old Net Name=N$14 New Net Name=NetD14_P$1
Change Net Name : Old Net Name=N$15 New Net Name=NetD15_P$1
Change Net Name : Old Net Name=N$16 New Net Name=NetD16_P$1
Added Class: Name=Button_Pad_Breakout-v05
Added Class: Name=Sheet1
Added Room: Name=Button_Pad_Breakout-v05
Added Room: Name=Sheet1
